INFO  @ Wed, 06 Feb 2019 14:36:42: Parameters: /Users/hyunhwan/miniconda3/bin/mageck test -k input.tsv -c B1,B2,B3 -t A1,A2,A3 --keep-tmp 
INFO  @ Wed, 06 Feb 2019 14:36:42: Welcome to MAGeCK v0.5.8. Command: test 
INFO  @ Wed, 06 Feb 2019 14:36:42: Loading count table from input.tsv  
INFO  @ Wed, 06 Feb 2019 14:36:42: Processing 1 lines.. 
DEBUG @ Wed, 06 Feb 2019 14:36:42: Parsing error in line 1 (usually the header line). Skip this line. 
INFO  @ Wed, 06 Feb 2019 14:36:42: Loaded 961 records. 
INFO  @ Wed, 06 Feb 2019 14:36:42: Loading R template file: /Users/hyunhwan/miniconda3/lib/python3.6/site-packages/mageck/plot_template.RTemplate. 
INFO  @ Wed, 06 Feb 2019 14:36:42: Loading R template file: /Users/hyunhwan/miniconda3/lib/python3.6/site-packages/mageck/plot_template_indvgene.RTemplate. 
INFO  @ Wed, 06 Feb 2019 14:36:42: Loading Rnw template file: /Users/hyunhwan/miniconda3/lib/python3.6/site-packages/mageck/plot_template.Rnw. 
DEBUG @ Wed, 06 Feb 2019 14:36:42: Setting up the visualization module... 
DEBUG @ Wed, 06 Feb 2019 14:36:42: Given sample labels: A1,A2,A3 
DEBUG @ Wed, 06 Feb 2019 14:36:42: Converted index: 3 4 5 
INFO  @ Wed, 06 Feb 2019 14:36:42: Treatment samples:A1,A2,A3 
INFO  @ Wed, 06 Feb 2019 14:36:42: Treatment sample index:3,4,5 
DEBUG @ Wed, 06 Feb 2019 14:36:42: Given sample labels: B1,B2,B3 
DEBUG @ Wed, 06 Feb 2019 14:36:42: Converted index: 0 1 2 
INFO  @ Wed, 06 Feb 2019 14:36:42: Control samples:B1,B2,B3 
INFO  @ Wed, 06 Feb 2019 14:36:42: Control sample index:0,1,2 
DEBUG @ Wed, 06 Feb 2019 14:36:42: Initial (total) size factor: 0.8562705912403388 0.861469131150174 0.914397340741005 1.1039473850765376 1.1384924638818101 1.260198305665977 
DEBUG @ Wed, 06 Feb 2019 14:36:42: Median factor: 0.9274574934415726 0.9341922530386845 0.9875603237083918 1.0092313264913972 1.0381410897926802 1.1476525696012965 
INFO  @ Wed, 06 Feb 2019 14:36:42: Final size factor: 0.9274574934415726 0.9341922530386845 0.9875603237083918 1.0092313264913972 1.0381410897926802 1.1476525696012965 
DEBUG @ Wed, 06 Feb 2019 14:36:42: Adjusted model: 1.1561283054298235	0 
INFO  @ Wed, 06 Feb 2019 14:36:42: Adjusted variance calculation: 0.0 for raw variance, 1.0 for modeling 
INFO  @ Wed, 06 Feb 2019 14:36:42: Before RRA, 0 sgRNAs are removed with zero counts in both group(s). 
INFO  @ Wed, 06 Feb 2019 14:36:42: Use qnorm to reversely calculate sgRNA scores ... 
DEBUG @ Wed, 06 Feb 2019 14:36:42: lower test FDR cutoff: 0.46618106139438087 
DEBUG @ Wed, 06 Feb 2019 14:36:42: higher test FDR cutoff: 0.49739854318418314 
INFO  @ Wed, 06 Feb 2019 14:36:42: Running command: RRA -i sample1.plow.txt -o sample1.gene.low.txt -p 0.46618106139438087 --skip-gene NA --skip-gene na  
INFO  @ Wed, 06 Feb 2019 14:36:44: Command message: 
INFO  @ Wed, 06 Feb 2019 14:36:44:   Welcome to RRA v 0.5.8. 
INFO  @ Wed, 06 Feb 2019 14:36:44:   Skipping gene NA for permutation ... 
INFO  @ Wed, 06 Feb 2019 14:36:44:   Skipping gene na for permutation ... 
INFO  @ Wed, 06 Feb 2019 14:36:44:   Reading input file... 
INFO  @ Wed, 06 Feb 2019 14:36:44:   Summary: 961 sgRNAs, 93 genes, 1 lists; skipped sgRNAs:0 
INFO  @ Wed, 06 Feb 2019 14:36:44:   Computing lo-values for each group... 
INFO  @ Wed, 06 Feb 2019 14:36:44:   Computing false discovery rate... 
INFO  @ Wed, 06 Feb 2019 14:36:44:   Increase the number of permutations to 1076 to get precise p values. To avoid this, use the --permutation option. 
INFO  @ Wed, 06 Feb 2019 14:36:44:   Permuting genes with 2 sgRNAs... 
INFO  @ Wed, 06 Feb 2019 14:36:44:   Permuting genes with 5 sgRNAs... 
INFO  @ Wed, 06 Feb 2019 14:36:44:   Permuting genes with 6 sgRNAs... 
INFO  @ Wed, 06 Feb 2019 14:36:44:   Permuting genes with 7 sgRNAs... 
INFO  @ Wed, 06 Feb 2019 14:36:44:   Permuting genes with 8 sgRNAs... 
INFO  @ Wed, 06 Feb 2019 14:36:44:   Permuting genes with 10 sgRNAs... 
INFO  @ Wed, 06 Feb 2019 14:36:44:   Permuting genes with 11 sgRNAs... 
INFO  @ Wed, 06 Feb 2019 14:36:44:   Permuting genes with 12 sgRNAs... 
INFO  @ Wed, 06 Feb 2019 14:36:44:   Permuting genes with 13 sgRNAs... 
INFO  @ Wed, 06 Feb 2019 14:36:44:   Permuting genes with 14 sgRNAs... 
INFO  @ Wed, 06 Feb 2019 14:36:44:   Permuting genes with 16 sgRNAs... 
INFO  @ Wed, 06 Feb 2019 14:36:44:   Permuting genes with 19 sgRNAs... 
INFO  @ Wed, 06 Feb 2019 14:36:44:   Permuting genes with 24 sgRNAs... 
INFO  @ Wed, 06 Feb 2019 14:36:44:   Number of genes under FDR adjustment: 93 
INFO  @ Wed, 06 Feb 2019 14:36:44:   Saving to output file... 
INFO  @ Wed, 06 Feb 2019 14:36:44:   RRA completed. 
INFO  @ Wed, 06 Feb 2019 14:36:44:    
INFO  @ Wed, 06 Feb 2019 14:36:44: End command message. 
INFO  @ Wed, 06 Feb 2019 14:36:44: Running command: RRA -i sample1.phigh.txt -o sample1.gene.high.txt -p 0.49739854318418314 --skip-gene NA --skip-gene na  
INFO  @ Wed, 06 Feb 2019 14:36:45: Command message: 
INFO  @ Wed, 06 Feb 2019 14:36:45:   Welcome to RRA v 0.5.8. 
INFO  @ Wed, 06 Feb 2019 14:36:45:   Skipping gene NA for permutation ... 
INFO  @ Wed, 06 Feb 2019 14:36:45:   Skipping gene na for permutation ... 
INFO  @ Wed, 06 Feb 2019 14:36:45:   Reading input file... 
INFO  @ Wed, 06 Feb 2019 14:36:45:   Summary: 961 sgRNAs, 93 genes, 1 lists; skipped sgRNAs:0 
INFO  @ Wed, 06 Feb 2019 14:36:45:   Computing lo-values for each group... 
INFO  @ Wed, 06 Feb 2019 14:36:45:   Computing false discovery rate... 
INFO  @ Wed, 06 Feb 2019 14:36:45:   Increase the number of permutations to 1076 to get precise p values. To avoid this, use the --permutation option. 
INFO  @ Wed, 06 Feb 2019 14:36:45:   Permuting genes with 2 sgRNAs... 
INFO  @ Wed, 06 Feb 2019 14:36:45:   Permuting genes with 5 sgRNAs... 
INFO  @ Wed, 06 Feb 2019 14:36:45:   Permuting genes with 6 sgRNAs... 
INFO  @ Wed, 06 Feb 2019 14:36:45:   Permuting genes with 7 sgRNAs... 
INFO  @ Wed, 06 Feb 2019 14:36:45:   Permuting genes with 8 sgRNAs... 
INFO  @ Wed, 06 Feb 2019 14:36:45:   Permuting genes with 10 sgRNAs... 
INFO  @ Wed, 06 Feb 2019 14:36:45:   Permuting genes with 11 sgRNAs... 
INFO  @ Wed, 06 Feb 2019 14:36:45:   Permuting genes with 12 sgRNAs... 
INFO  @ Wed, 06 Feb 2019 14:36:45:   Permuting genes with 13 sgRNAs... 
INFO  @ Wed, 06 Feb 2019 14:36:45:   Permuting genes with 14 sgRNAs... 
INFO  @ Wed, 06 Feb 2019 14:36:45:   Permuting genes with 16 sgRNAs... 
INFO  @ Wed, 06 Feb 2019 14:36:45:   Permuting genes with 19 sgRNAs... 
INFO  @ Wed, 06 Feb 2019 14:36:45:   Permuting genes with 24 sgRNAs... 
INFO  @ Wed, 06 Feb 2019 14:36:45:   Number of genes under FDR adjustment: 93 
INFO  @ Wed, 06 Feb 2019 14:36:45:   Saving to output file... 
INFO  @ Wed, 06 Feb 2019 14:36:45:   RRA completed. 
INFO  @ Wed, 06 Feb 2019 14:36:45:    
INFO  @ Wed, 06 Feb 2019 14:36:45: End command message. 
DEBUG @ Wed, 06 Feb 2019 14:36:45: Sorting the merged items by negative selection... 
INFO  @ Wed, 06 Feb 2019 14:36:45: Loading top 10 genes from sample1.gene.low.txt: PSMD6,PSMB2,NUP98,RPS13,PSMC4,PSMD11,PSMC1,RPL3,RPL11,COPB1 
DEBUG @ Wed, 06 Feb 2019 14:36:45: Column index:3 
INFO  @ Wed, 06 Feb 2019 14:36:45: Loading top 10 genes from sample1.gene.high.txt: OR52E8,FAM71B,TGM6,TAAR1,TAS2R9,NLRP5,DEFB129,PLA2G2E,KRT77,VN1R2 
DEBUG @ Wed, 06 Feb 2019 14:36:45: Column index:9 
